npm verb cli C:\Program Files\nodejs\node.exe C:\Users\User\AppData\Roaming\npm\node_modules\npm\bin\npm-cli.js
npm info using npm@9.9.4
npm info using node@v22.20.0
npm verb title npm install
npm verb argv "install" "--loglevel" "verbose"
npm verb logfile logs-max:10 dir:C:\Users\User\AppData\Local\npm-cache\_logs\2025-11-21T19_40_00_993Z-
npm verb logfile C:\Users\User\AppData\Local\npm-cache\_logs\2025-11-21T19_40_00_993Z-debug-0.log
npm verb stack JSONParseError: Expected double-quoted property name in JSON at position 3656 (line 105 column 1) while parsing near "...te-css\": \"^1.4.0\",\r\n```json\r\n{\r\n      \"n..."
npm verb stack     at C:\Users\User\AppData\Roaming\npm\node_modules\npm\node_modules\read-package-json-fast\lib\index.js:7:61
npm verb stack     at async #initTree (C:\Users\User\AppData\Roaming\npm\node_modules\npm\node_modules\@npmcli\arborist\lib\arborist\build-ideal-tree.js:280:21)
npm verb stack     at async Arborist.buildIdealTree (C:\Users\User\AppData\Roaming\npm\node_modules\npm\node_modules\@npmcli\arborist\lib\arborist\build-ideal-tree.js:193:7)
npm verb stack     at async Promise.all (index 1)
npm verb stack     at async Arborist.reify (C:\Users\User\AppData\Roaming\npm\node_modules\npm\node_modules\@npmcli\arborist\lib\arborist\reify.js:159:5)
npm verb stack     at async Install.exec (C:\Users\User\AppData\Roaming\npm\node_modules\npm\lib\commands\install.js:151:5)
npm verb stack     at async module.exports (C:\Users\User\AppData\Roaming\npm\node_modules\npm\lib\cli-entry.js:61:5)
npm verb cwd I:\jenia-portfolio
npm verb Windows_NT 10.0.19045
npm verb node v22.20.0
npm verb npm  v9.9.4
npm ERR! code EJSONPARSE
npm ERR! path I:\jenia-portfolio/package.json
npm ERR! JSON.parse Expected double-quoted property name in JSON at position 3656 (line 105 column 1) while parsing near "...te-css\": \"^1.4.0\",\r\n```json\r\n{\r\n      \"n..."
npm ERR! JSON.parse Failed to parse JSON data.
npm ERR! JSON.parse Note: package.json must be actual JSON, not just JavaScript.
npm verb exit 1
npm verb unfinished npm timer reify 1763754002386
npm verb unfinished npm timer reify:loadTrees 1763754002396
npm verb unfinished npm timer idealTree:init 1763754002397
npm verb code 1

npm ERR! A complete log of this run can be found in: C:\Users\User\AppData\Local\npm-cache\_logs\2025-11-21T19_40_00_993Z-debug-0.log
